<?xml version="1.0" encoding="UTF-8"?>
<testsuite xmlns:xsi="http://www.w3.org/2001/XMLSchema-instance" xsi:noNamespaceSchemaLocation="https://maven.apache.org/surefire/maven-surefire-plugin/xsd/surefire-test-report.xsd" name="med.voll.api.repository.MedicoRepositoryTest" time="1.989" tests="2" errors="0" skipped="0" failures="0">
  <properties>
[...]
</properties>
  <testcase name="randomMedicoDisponivelCenario1" classname="med.voll.api.repository.MedicoRepositoryTest" time="0.522"/>
  <testcase name="randomMedicoDisponivelCenario2" classname="med.voll.api.repository.MedicoRepositoryTest" time="0.032"/>
</testsuite>